<?xml version="1.0" encoding="utf-8"?><testsuites><testsuite name="pytest" errors="0" failures="0" skipped="2" tests="34" time="53.033" timestamp="2024-12-29T18:56:02.396949+01:00" hostname="dneprokos-omen"><testcase classname="tests.py_test_capabilities_test" name="test_add[2-2-4]" time="0.002" /><testcase classname="tests.py_test_capabilities_test" name="test_handle_exception" time="0.001" /><testcase classname="tests.py_test_capabilities_test" name="test_multiply_by_two[2-4]" time="0.001" /><testcase classname="tests.py_test_capabilities_test" name="test_add_prepared_params[2-2-4]" time="0.002" /><testcase classname="tests.py_test_capabilities_test" name="test_list_equality" time="0.004" /><testcase classname="tests.py_test_capabilities_test" name="test_multiply_by_two[3-6]" time="0.002" /><testcase classname="tests.py_test_capabilities_test" name="test_multiply_by_two[1-2]" time="0.002" /><testcase classname="tests.py_test_capabilities_test" name="test_add[1-1-2]" time="0.002" /><testcase classname="tests.py_test_capabilities_test" name="test_add_prepared_params[1-1-2]" time="0.001" /><testcase classname="tests.py_test_capabilities_test" name="test_list_inequality" time="0.003" /><testcase classname="tests.py_test_capabilities_test" name="test_list_contains" time="0.002" /><testcase classname="tests.py_test_capabilities_test" name="test_list_contains_few_items" time="0.001" /><testcase classname="tests.py_test_capabilities_test" name="test_list_contains_items_in_order" time="0.001" /><testcase classname="tests.py_test_capabilities_test" name="test_list_does_not_contain" time="0.001" /><testcase classname="tests.py_test_capabilities_test" name="test_fixture" time="0.003" /><testcase classname="tests.py_test_capabilities_test" name="test_fixture2" time="0.003" /><testcase classname="tests.py_test_capabilities_test" name="test_markers" time="0.002" /><testcase classname="tests.py_test_capabilities_test" name="test_multiple_fixtures" time="0.003" /><testcase classname="tests.py_test_capabilities_test" name="test_markers_skip" time="0.001"><skipped type="pytest.skip" message="unconditional skip">C:\PersonalProjects\python-webdriver\tests\py_test_capabilities_test.py:111: unconditional skip</skipped></testcase><testcase classname="tests.py_test_capabilities_test" name="test_markers_skipif" time="0.001"><skipped type="pytest.skip" message="Skip if 1 + 1 == 2">C:\PersonalProjects\python-webdriver\tests\py_test_capabilities_test.py:116: Skip if 1 + 1 == 2</skipped></testcase><testcase classname="tests.login_page_test" name="test_login_with_invalid_password_should_not_be_logged_in" time="25.487" /><testcase classname="tests.radio_buttons_page_test" name="test_select_radio_button_with_expected_value[Autumn]" time="25.606" /><testcase classname="tests.input_page_test" name="test_enter_values_to_the_fields" time="25.669" /><testcase classname="tests.radio_buttons_page_test" name="test_select_radio_button_with_expected_value[Summer]" time="26.355" /><testcase classname="tests.check_boxes_page_test" name="test_mark_specified_checkbox[CheckBoxNames.warn]" time="25.777" /><testcase classname="tests.radio_buttons_page_test" name="test_select_radio_button_with_expected_value[Winter]" time="25.470" /><testcase classname="tests.check_boxes_page_test" name="test_mark_specified_checkbox[CheckBoxNames.primary]" time="25.824" /><testcase classname="tests.radio_buttons_page_test" name="test_select_radio_button_with_expected_value[Spring]" time="26.282" /><testcase classname="tests.check_boxes_page_test" name="test_mark_indeterminate_checks_all_checkboxes" time="25.870" /><testcase classname="tests.py_test_capabilities_test" name="test_one_plus_one" time="0.001" /><testcase classname="tests.login_page_test" name="test_login_with_valid_credentials_should_be_logged_in" time="19.378" /><testcase classname="tests.check_boxes_page_test" name="test_mark_specified_checkbox[CheckBoxNames.accent]" time="19.267" /><testcase classname="tests.drop_down_page_test" name="test_dropdown_select_value_should_be_selected" time="19.790" /><testcase classname="tests.check_boxes_page_test" name="test_mark_and_unmark_indeterminate_unchecks_all_checkboxes" time="20.065" /></testsuite></testsuites>